<?xml version="1.0" encoding="UTF-8"?>
<!-- Generated by org.testng.reporters.JUnitReportReporter -->
<testsuite skipped="0" hostname="LIN59017991" name="AutomationPractice.ConfirmAlertPopup" tests="1" failures="0" timestamp="21 Oct 2021 07:30:31 GMT" time="18.234" errors="0">
  <testcase name="confirmPopup" time="18.234" classname="AutomationPractice.ConfirmAlertPopup"/>
</testsuite> <!-- AutomationPractice.ConfirmAlertPopup -->
