<?xml version="1.0" encoding="UTF-8"?>
<!-- Generated by org.testng.reporters.JUnitReportReporter -->
<testsuite skipped="0" hostname="LIN59017991" name="AutomationPractice.FileUploadPopup" tests="1" failures="0" timestamp="21 Oct 2021 09:46:43 GMT" time="87.571" errors="0">
  <testcase name="fileUpload" time="87.571" classname="AutomationPractice.FileUploadPopup"/>
</testsuite> <!-- AutomationPractice.FileUploadPopup -->
