<?xml version="1.0" encoding="UTF-8"?>
<!-- Generated by org.testng.reporters.JUnitReportReporter -->
<testsuite skipped="0" hostname="LIN59017991" name="AutomationPractice.JQeryDatePicker" tests="1" failures="0" timestamp="22 Oct 2021 05:47:41 GMT" time="7.768" errors="0">
  <testcase name="fileUpload" time="7.768" classname="AutomationPractice.JQeryDatePicker"/>
</testsuite> <!-- AutomationPractice.JQeryDatePicker -->
