<?xml version="1.0" encoding="UTF-8"?>
<!-- Generated by org.testng.reporters.JUnitReportReporter -->
<testsuite skipped="0" hostname="LIN59017991" name="AutomationPractice.ToolsQAWindowPopup" tests="1" failures="0" timestamp="03 Nov 2021 12:47:04 GMT" time="10.970" errors="0">
  <testcase name="executeWindowPopup" time="10.970" classname="AutomationPractice.ToolsQAWindowPopup"/>
</testsuite> <!-- AutomationPractice.ToolsQAWindowPopup -->
