<?xml version="1.0" encoding="UTF-8"?>
<!-- Generated by org.testng.reporters.JUnitReportReporter -->
<testsuite skipped="0" hostname="LIN59017991" name="AutomationPractice.VerifyDrpDownData" tests="1" failures="0" timestamp="28 Oct 2021 06:30:43 GMT" time="6.246" errors="0">
  <testcase name="verifyData" time="6.246" classname="AutomationPractice.VerifyDrpDownData"/>
</testsuite> <!-- AutomationPractice.VerifyDrpDownData -->
