<?xml version="1.0" encoding="UTF-8"?>
<!-- Generated by org.testng.reporters.JUnitReportReporter -->
<testsuite skipped="0" hostname="LIN59017991" name="AutomationPractice.DropDownSorting" tests="1" failures="0" timestamp="22 Oct 2021 08:50:20 GMT" time="17.553" errors="0">
  <testcase name="sortingDrpDown" time="17.553" classname="AutomationPractice.DropDownSorting"/>
</testsuite> <!-- AutomationPractice.DropDownSorting -->
