<?xml version="1.0" encoding="UTF-8"?>
<!-- Generated by org.testng.reporters.JUnitReportReporter -->
<testsuite skipped="0" hostname="LIN59017991" name="AutomationPractice.GoogleScreenshot" tests="1" failures="0" timestamp="21 Oct 2021 10:33:57 GMT" time="16.493" errors="0">
  <testcase name="fileUpload" time="16.493" classname="AutomationPractice.GoogleScreenshot"/>
</testsuite> <!-- AutomationPractice.GoogleScreenshot -->
