<?xml version="1.0" encoding="UTF-8"?>
<!-- Generated by org.testng.reporters.JUnitReportReporter -->
<testsuite skipped="0" hostname="LIN59017991" name="AutomationPractice.JqueyDragNDrop" tests="1" failures="0" timestamp="21 Oct 2021 09:03:46 GMT" time="7.812" errors="0">
  <testcase name="dragNDrop" time="7.812" classname="AutomationPractice.JqueyDragNDrop"/>
</testsuite> <!-- AutomationPractice.JqueyDragNDrop -->
